生成启动时间为 2016/2/19 17:56:03。
     1>项目“W:\Git\project\niuniu\protobuf-2.6.1\vsprojects\tests.vcxproj”在节点 2 上(Build 个目标)。
     1>C:\Program Files (x86)\MSBuild\Microsoft.Cpp\v4.0\V120\Microsoft.CppBuild.targets(388,5): warning MSB8028: The intermediate directory (Debug\) contains files shared from another project (libprotobuf-lite.vcxproj, libprotobuf.vcxproj, libprotoc.vcxproj, lite-test.vcxproj, protoc.vcxproj, test_plugin.vcxproj).  This can lead to incorrect clean and rebuild behavior.
     1>InitializeBuildStatus:
         正在对“Debug\tests.tlog\unsuccessfulbuild”执行 Touch 任务。
       CustomBuild:
         Generating cpp_test_bad_identifiers.pb.{h,cc}...
         Generating unittest.pb.{h,cc}...
         Generating unittest_custom_options.pb.{h,cc}...
         Generating unittest_embed_optimize_for.pb.{h,cc}...
         Generating unittest_import.pb.{h,cc}...
         Generating unittest_import_public.pb.{h,cc}...
         Generating unittest_lite_imports_nonlite.pb.{h,cc}...
         Generating unittest_mset.pb.{h,cc}...
         Generating unittest_no_generic_services.pb.{h,cc}...
         Generating unittest_optimize_for.pb.{h,cc}...
       ClCompile:
         C:\Program Files (x86)\Microsoft Visual Studio 12.0\VC\bin\CL.exe /c /I../src /I. /I../gtest/include /ZI /nologo /W3 /WX- /Od /Oy- /D WIN32 /D _DEBUG /D _CONSOLE /D _VARIADIC_MAX=10 /Gm /EHsc /RTC1 /MDd /GS /fp:precise /Zc:wchar_t /Zc:forScope /Fo"Debug\\" /Fd"Debug\vc120.pdb" /Gd /TP /analyze- /errorReport:prompt /wd4244 /wd4267 /wd4018 /wd4355 /wd4800 /wd4251 /wd4996 /wd4146 /wd4305 ..\src\google\protobuf\compiler\command_line_interface_unittest.cc ..\src\google\protobuf\compiler\cpp\cpp_bootstrap_unittest.cc ..\src\google\protobuf\compiler\cpp\cpp_plugin_unittest.cc ..\src\google\protobuf\compiler\cpp\cpp_unittest.cc ..\src\google\protobuf\compiler\importer_unittest.cc ..\src\google\protobuf\compiler\java\java_doc_comment_unittest.cc ..\src\google\protobuf\compiler\java\java_plugin_unittest.cc ..\src\google\protobuf\compiler\mock_code_generator.cc ..\src\google\protobuf\compiler\parser_unittest.cc ..\src\google\protobuf\compiler\python\python_plugin_unittest.cc ..\src\google\protobuf\descriptor_database_unittest.cc ..\src\google\protobuf\descriptor_unittest.cc ..\src\google\protobuf\dynamic_message_unittest.cc ..\src\google\protobuf\extension_set_unittest.cc ..\src\google\protobuf\generated_message_reflection_unittest.cc ..\src\google\protobuf\io\coded_stream_unittest.cc ..\src\google\protobuf\io\printer_unittest.cc ..\src\google\protobuf\io\tokenizer_unittest.cc ..\src\google\protobuf\io\zero_copy_stream_unittest.cc ..\src\google\protobuf\message_unittest.cc ..\src\google\protobuf\reflection_ops_unittest.cc ..\src\google\protobuf\repeated_field_reflection_unittest.cc ..\src\google\protobuf\repeated_field_unittest.cc ..\src\google\protobuf\stubs\common_unittest.cc ..\src\google\protobuf\stubs\once_unittest.cc ..\src\google\protobuf\stubs\stringprintf_unittest.cc ..\src\google\protobuf\stubs\structurally_valid_unittest.cc ..\src\google\protobuf\stubs\strutil_unittest.cc ..\src\google\protobuf\stubs\template_util_unittest.cc ..\src\google\protobuf\stubs\type_traits_unittest.cc ..\src\google\protobuf\testing\file.cc ..\src\google\protobuf\testing\googletest.cc ..\src\google\protobuf\test_util.cc ..\src\google\protobuf\text_format_unittest.cc ..\src\google\protobuf\unknown_field_set_unittest.cc ..\src\google\protobuf\wire_format_unittest.cc google\protobuf\compiler\cpp\cpp_test_bad_identifiers.pb.cc google\protobuf\unittest.pb.cc google\protobuf\unittest_custom_options.pb.cc google\protobuf\unittest_embed_optimize_for.pb.cc google\protobuf\unittest_import.pb.cc google\protobuf\unittest_import_public.pb.cc google\protobuf\unittest_lite_imports_nonlite.pb.cc google\protobuf\unittest_mset.pb.cc google\protobuf\unittest_no_generic_services.pb.cc google\protobuf\unittest_optimize_for.pb.cc
         unittest_optimize_for.pb.cc
         unittest_no_generic_services.pb.cc
         unittest_mset.pb.cc
         unittest_lite_imports_nonlite.pb.cc
         unittest_import_public.pb.cc
         unittest_import.pb.cc
         unittest_embed_optimize_for.pb.cc
         unittest_custom_options.pb.cc
         unittest.pb.cc
         cpp_test_bad_identifiers.pb.cc
         wire_format_unittest.cc
     1>w:\git\project\niuniu\protobuf-2.6.1\src\google\protobuf\wire_format_unittest.cc(46): fatal error C1083: 无法打开包括文件: “gtest/gtest.h”: No such file or directory
         unknown_field_set_unittest.cc
     1>w:\git\project\niuniu\protobuf-2.6.1\src\google\protobuf\unknown_field_set_unittest.cc(48): fatal error C1083: 无法打开包括文件: “gtest/gtest.h”: No such file or directory
         text_format_unittest.cc
     1>w:\git\project\niuniu\protobuf-2.6.1\src\google\protobuf\text_format_unittest.cc(49): fatal error C1083: 无法打开包括文件: “gtest/gtest.h”: No such file or directory
         test_util.cc
     1>w:\git\project\niuniu\protobuf-2.6.1\src\google\protobuf\test_util.cc(47): fatal error C1083: 无法打开包括文件: “gtest/gtest.h”: No such file or directory
         googletest.cc
         type_traits_unittest.cc
     1>w:\git\project\niuniu\protobuf-2.6.1\src\google\protobuf\stubs\type_traits_unittest.cc(41): fatal error C1083: 无法打开包括文件: “gtest/gtest.h”: No such file or directory
         template_util_unittest.cc
     1>w:\git\project\niuniu\protobuf-2.6.1\src\google\protobuf\stubs\template_util_unittest.cc(41): fatal error C1083: 无法打开包括文件: “gtest/gtest.h”: No such file or directory
         strutil_unittest.cc
     1>w:\git\project\niuniu\protobuf-2.6.1\src\google\protobuf\stubs\strutil_unittest.cc(36): fatal error C1083: 无法打开包括文件: “gtest/gtest.h”: No such file or directory
         structurally_valid_unittest.cc
     1>w:\git\project\niuniu\protobuf-2.6.1\src\google\protobuf\stubs\structurally_valid_unittest.cc(5): fatal error C1083: 无法打开包括文件: “gtest/gtest.h”: No such file or directory
         stringprintf_unittest.cc
     1>w:\git\project\niuniu\protobuf-2.6.1\src\google\protobuf\stubs\stringprintf_unittest.cc(39): fatal error C1083: 无法打开包括文件: “gtest/gtest.h”: No such file or directory
         正在生成代码...
         正在编译...
         once_unittest.cc
     1>w:\git\project\niuniu\protobuf-2.6.1\src\google\protobuf\stubs\once_unittest.cc(42): fatal error C1083: 无法打开包括文件: “gtest/gtest.h”: No such file or directory
         common_unittest.cc
     1>w:\git\project\niuniu\protobuf-2.6.1\src\google\protobuf\stubs\common_unittest.cc(39): fatal error C1083: 无法打开包括文件: “gtest/gtest.h”: No such file or directory
         repeated_field_unittest.cc
     1>w:\git\project\niuniu\protobuf-2.6.1\src\google\protobuf\repeated_field_unittest.cc(49): fatal error C1083: 无法打开包括文件: “gtest/gtest.h”: No such file or directory
         repeated_field_reflection_unittest.cc
     1>w:\git\project\niuniu\protobuf-2.6.1\src\google\protobuf\repeated_field_reflection_unittest.cc(40): fatal error C1083: 无法打开包括文件: “gtest/gtest.h”: No such file or directory
         reflection_ops_unittest.cc
     1>w:\git\project\niuniu\protobuf-2.6.1\src\google\protobuf\reflection_ops_unittest.cc(42): fatal error C1083: 无法打开包括文件: “gtest/gtest.h”: No such file or directory
         message_unittest.cc
     1>w:\git\project\niuniu\protobuf-2.6.1\src\google\protobuf\message_unittest.cc(57): fatal error C1083: 无法打开包括文件: “gtest/gtest.h”: No such file or directory
         zero_copy_stream_unittest.cc
     1>w:\git\project\niuniu\protobuf-2.6.1\src\google\protobuf\io\zero_copy_stream_unittest.cc(73): fatal error C1083: 无法打开包括文件: “gtest/gtest.h”: No such file or directory
         tokenizer_unittest.cc
     1>w:\git\project\niuniu\protobuf-2.6.1\src\google\protobuf\io\tokenizer_unittest.cc(47): fatal error C1083: 无法打开包括文件: “gtest/gtest.h”: No such file or directory
         printer_unittest.cc
     1>w:\git\project\niuniu\protobuf-2.6.1\src\google\protobuf\io\printer_unittest.cc(42): fatal error C1083: 无法打开包括文件: “gtest/gtest.h”: No such file or directory
         coded_stream_unittest.cc
     1>w:\git\project\niuniu\protobuf-2.6.1\src\google\protobuf\io\coded_stream_unittest.cc(45): fatal error C1083: 无法打开包括文件: “gtest/gtest.h”: No such file or directory
         generated_message_reflection_unittest.cc
     1>w:\git\project\niuniu\protobuf-2.6.1\src\google\protobuf\generated_message_reflection_unittest.cc(52): fatal error C1083: 无法打开包括文件: “gtest/gtest.h”: No such file or directory
         extension_set_unittest.cc
     1>w:\git\project\niuniu\protobuf-2.6.1\src\google\protobuf\extension_set_unittest.cc(49): fatal error C1083: 无法打开包括文件: “gtest/gtest.h”: No such file or directory
         dynamic_message_unittest.cc
     1>w:\git\project\niuniu\protobuf-2.6.1\src\google\protobuf\dynamic_message_unittest.cc(51): fatal error C1083: 无法打开包括文件: “gtest/gtest.h”: No such file or directory
         descriptor_unittest.cc
     1>w:\git\project\niuniu\protobuf-2.6.1\src\google\protobuf\descriptor_unittest.cc(53): fatal error C1083: 无法打开包括文件: “gtest/gtest.h”: No such file or directory
         descriptor_database_unittest.cc
     1>w:\git\project\niuniu\protobuf-2.6.1\src\google\protobuf\descriptor_database_unittest.cc(47): fatal error C1083: 无法打开包括文件: “gtest/gtest.h”: No such file or directory
         python_plugin_unittest.cc
     1>w:\git\project\niuniu\protobuf-2.6.1\src\google\protobuf\compiler\python\python_plugin_unittest.cc(45): fatal error C1083: 无法打开包括文件: “gtest/gtest.h”: No such file or directory
         parser_unittest.cc
     1>w:\git\project\niuniu\protobuf-2.6.1\src\google\protobuf\compiler\parser_unittest.cc(54): fatal error C1083: 无法打开包括文件: “gtest/gtest.h”: No such file or directory
         mock_code_generator.cc
     1>w:\git\project\niuniu\protobuf-2.6.1\src\google\protobuf\compiler\mock_code_generator.cc(44): fatal error C1083: 无法打开包括文件: “gtest/gtest.h”: No such file or directory
         java_plugin_unittest.cc
     1>w:\git\project\niuniu\protobuf-2.6.1\src\google\protobuf\compiler\java\java_plugin_unittest.cc(45): fatal error C1083: 无法打开包括文件: “gtest/gtest.h”: No such file or directory
         java_doc_comment_unittest.cc
     1>w:\git\project\niuniu\protobuf-2.6.1\src\google\protobuf\compiler\java\java_doc_comment_unittest.cc(35): fatal error C1083: 无法打开包括文件: “gtest/gtest.h”: No such file or directory
         正在生成代码...
         正在编译...
         importer_unittest.cc
     1>w:\git\project\niuniu\protobuf-2.6.1\src\google\protobuf\compiler\importer_unittest.cc(48): fatal error C1083: 无法打开包括文件: “gtest/gtest.h”: No such file or directory
         cpp_unittest.cc
     1>w:\git\project\niuniu\protobuf-2.6.1\src\google\protobuf\compiler\cpp\cpp_unittest.cc(70): fatal error C1083: 无法打开包括文件: “gtest/gtest.h”: No such file or directory
         cpp_plugin_unittest.cc
     1>w:\git\project\niuniu\protobuf-2.6.1\src\google\protobuf\compiler\cpp\cpp_plugin_unittest.cc(45): fatal error C1083: 无法打开包括文件: “gtest/gtest.h”: No such file or directory
         cpp_bootstrap_unittest.cc
     1>w:\git\project\niuniu\protobuf-2.6.1\src\google\protobuf\compiler\cpp\cpp_bootstrap_unittest.cc(58): fatal error C1083: 无法打开包括文件: “gtest/gtest.h”: No such file or directory
         command_line_interface_unittest.cc
     1>w:\git\project\niuniu\protobuf-2.6.1\src\google\protobuf\compiler\command_line_interface_unittest.cc(60): fatal error C1083: 无法打开包括文件: “gtest/gtest.h”: No such file or directory
         正在生成代码...
         正在跳过...(未检测到相关更改)
         file.cc
     1>已完成生成项目“W:\Git\project\niuniu\protobuf-2.6.1\vsprojects\tests.vcxproj”(Build 个目标)的操作 - 失败。

生成失败。

已用时间 00:00:21.70
